Running: D:\xilinx\14.7\ISE_DS\ISE\bin\nt64\unwrapped\fuse.exe -intstyle ise -incremental -lib unisims_ver -lib unimacro_ver -lib xilinxcorelib_ver -o D:/xilinx/HDL Coding/structural/project_structural/adder_3_bit_testbench_isim_beh.exe -prj D:/xilinx/HDL Coding/structural/project_structural/adder_3_bit_testbench_beh.prj work.adder_3_bit_testbench work.glbl 
ISim P.20131013 (signature 0x7708f090)
Number of CPUs detected in this system: 8
Turning on mult-threading, number of parallel sub-compilation jobs: 16 
Determining compilation order of HDL files
Analyzing Verilog file "D:/xilinx/HDL Coding/structural/project_structural/full_adder.v" into library work
Analyzing Verilog file "D:/xilinx/HDL Coding/structural/project_structural/adder_3_bit.v" into library work
Analyzing Verilog file "D:/xilinx/HDL Coding/structural/project_structural/adder_3_bit_testbench.v" into library work
Analyzing Verilog file "D:/xilinx/14.7/ISE_DS/ISE//verilog/src/glbl.v" into library work
Starting static elaboration
Completed static elaboration
Compiling module full_adder
Compiling module adder_3_bit
Compiling module adder_3_bit_testbench
Compiling module glbl
Time Resolution for simulation is 1ps.
Waiting for 1 sub-compilation(s) to finish...
Compiled 4 Verilog Units
Built simulation executable D:/xilinx/HDL Coding/structural/project_structural/adder_3_bit_testbench_isim_beh.exe
Fuse Memory Usage: 27964 KB
Fuse CPU Usage: 312 ms
