ISim log file
Running: D:\xilinx\HDL Coding\dataflow\project_dataflow\full_subtractor_testbench_isim_beh.exe -intstyle ise -gui -tclbatch isim.cmd -wdb D:/xilinx/HDL Coding/dataflow/project_dataflow/full_subtractor_testbench_isim_beh.wdb 
ISim P.20131013 (signature 0x7708f090)
WARNING: A WEBPACK license was found.
WARNING: Please use Xilinx License Configuration Manager to check out a full ISim license.
WARNING: ISim will run in Lite mode. Please refer to the ISim documentation for more information on the differences between the Lite and the Full version.
This is a Lite version of ISim.
Time resolution is 1 ps
# onerror resume
# wave add /
# run 1000 ns
Simulator is doing circuit initialization process.
Finished circuit initialization process.
                   0diff=0,bout=0,a=0,b=0,bin=0
                  10diff=1,bout=1,a=0,b=0,bin=1
                  20diff=1,bout=1,a=0,b=1,bin=0
                  30diff=0,bout=1,a=0,b=1,bin=1
                  40diff=1,bout=0,a=1,b=0,bin=0
                  50diff=0,bout=0,a=1,b=0,bin=1
                  60diff=0,bout=0,a=1,b=1,bin=0
                  70diff=1,bout=1,a=1,b=1,bin=1
